[2025-02-21 21:02:58.886] [info] Using configuration file /home/mars/.config/waybar/config.jsonc
[2025-02-21 21:02:58.889] [info] Unable to receive desktop appearance: GDBus.Error:org.freedesktop.DBus.Error.UnknownMethod: No such interface “org.freedesktop.portal.Settings” on object at path /org/freedesktop/portal/desktop
[2025-02-21 21:02:58.889] [info] Using CSS file /home/mars/.config/waybar/style.css
[2025-02-21 21:02:58.920] [warning] module sway/workspaces: Disabling module "sway/workspaces", Socket path is empty
[2025-02-21 21:02:58.920] [info] Hyprland IPC starting
[2025-02-21 21:02:58.922] [info] Loading persistent workspaces from Hyprland workspace rules
[2025-02-21 21:02:58.971] [warning] module sway/language: Disabling module "sway/language", Socket path is empty
[2025-02-21 21:02:59.010] [info] Bar configured (width: 1908, height: 38) for output: eDP-1

** (waybar:105892): WARNING **: 21:02:59.014: Status Notifier Item with bus name ':1.14' and object path '/org/ayatana/NotificationItem/nm_applet' is already registered
[2025-02-21 21:13:11.295] [info] Using configuration file /home/mars/.config/waybar/config.jsonc
[2025-02-21 21:13:11.299] [info] Unable to receive desktop appearance: GDBus.Error:org.freedesktop.DBus.Error.UnknownMethod: No such interface “org.freedesktop.portal.Settings” on object at path /org/freedesktop/portal/desktop
[2025-02-21 21:13:11.299] [info] Using CSS file /home/mars/.config/waybar/style.css
[2025-02-21 21:13:11.331] [warning] module sway/workspaces: Disabling module "sway/workspaces", Socket path is empty
[2025-02-21 21:13:11.331] [info] Hyprland IPC starting
[2025-02-21 21:13:11.333] [info] Loading persistent workspaces from Hyprland workspace rules
[2025-02-21 21:13:11.383] [warning] module sway/language: Disabling module "sway/language", Socket path is empty
[2025-02-21 21:13:11.420] [info] Bar configured (width: 1908, height: 38) for output: eDP-1

** (waybar:111820): WARNING **: 21:13:11.426: Status Notifier Item with bus name ':1.14' and object path '/org/ayatana/NotificationItem/nm_applet' is already registered
[2025-02-21 21:13:27.669] [info] Using configuration file /home/mars/.config/waybar/config.jsonc
[2025-02-21 21:13:27.673] [info] Unable to receive desktop appearance: GDBus.Error:org.freedesktop.DBus.Error.UnknownMethod: No such interface “org.freedesktop.portal.Settings” on object at path /org/freedesktop/portal/desktop
[2025-02-21 21:13:27.673] [info] Using CSS file /home/mars/.config/waybar/style.css
[2025-02-21 21:13:27.705] [warning] module sway/workspaces: Disabling module "sway/workspaces", Socket path is empty
[2025-02-21 21:13:27.706] [info] Hyprland IPC starting
[2025-02-21 21:13:27.707] [info] Loading persistent workspaces from Hyprland workspace rules
[2025-02-21 21:13:27.756] [warning] module sway/language: Disabling module "sway/language", Socket path is empty
[2025-02-21 21:13:27.793] [info] Bar configured (width: 1908, height: 38) for output: eDP-1

** (waybar:112194): WARNING **: 21:13:27.799: Status Notifier Item with bus name ':1.14' and object path '/org/ayatana/NotificationItem/nm_applet' is already registered
